app/build/intermediates/manifest_merge_blame_file/paidRelease/manifest-merger-blame-paid-release-report.txt
1<?xml version="1.0" encoding="utf-8"?>
2<manifest xmlns:android="http://schemas.android.com/apk/res/android"
3    package="com.udacity.gradle.builditbigger.paid"
4    android:versionCode="1"
5    android:versionName="1.0" >
6
7    <uses-sdk
8        android:minSdkVersion="16"
8-->src\main\AndroidManifest.xml
9        android:targetSdkVersion="29" />
9-->src\main\AndroidManifest.xml
10
11    <!-- Include required permissions for Google Mobile Ads to run -->
12    <uses-permission android:name="android.permission.INTERNET" />
12-->src\main\AndroidManifest.xml:7:5-67
12-->src\main\AndroidManifest.xml:7:22-64
13    <uses-permission android:name="android.permission.ACCESS_NETWORK_STATE" />
13-->src\main\AndroidManifest.xml:8:5-79
13-->src\main\AndroidManifest.xml:8:22-76
14    <uses-permission android:name="android.permission.WAKE_LOCK" />
14-->[com.google.android.gms:play-services-measurement-sdk-api:17.1.0] AndroidManifest.xml:25:5-68
14-->[com.google.android.gms:play-services-measurement-sdk-api:17.1.0] AndroidManifest.xml:25:22-65
15
16    <application
16-->src\main\AndroidManifest.xml:10:5-34:19
17        android:name="androidx.multidex.MultiDexApplication"
18        android:allowBackup="false"
18-->src\main\AndroidManifest.xml:11:9-36
19        android:appComponentFactory="androidx.core.app.CoreComponentFactory"
19-->[androidx.core:core:1.1.0] AndroidManifest.xml:24:18-86
20        android:icon="@mipmap/ic_launcher"
20-->src\main\AndroidManifest.xml:12:9-43
21        android:label="@string/app_name"
21-->src\main\AndroidManifest.xml:13:9-41
22        android:theme="@style/AppTheme" >
22-->src\main\AndroidManifest.xml:14:9-40
23
24        <!-- This meta-data tag is required to use Google Play Services. -->
25        <meta-data
25-->src\main\AndroidManifest.xml:17:9-19:69
26            android:name="com.google.android.gms.version"
26-->src\main\AndroidManifest.xml:18:13-58
27            android:value="@integer/google_play_services_version" />
27-->src\main\AndroidManifest.xml:19:13-66
28
29        <activity
29-->src\main\AndroidManifest.xml:20:9-28:20
30            android:name="com.udacity.gradle.builditbigger.MainActivity"
30-->src\main\AndroidManifest.xml:21:13-41
31            android:label="@string/app_name" >
31-->src\main\AndroidManifest.xml:22:13-45
32            <intent-filter>
32-->src\main\AndroidManifest.xml:23:13-27:29
33                <action android:name="android.intent.action.MAIN" />
33-->src\main\AndroidManifest.xml:24:17-69
33-->src\main\AndroidManifest.xml:24:25-66
34
35                <category android:name="android.intent.category.LAUNCHER" />
35-->src\main\AndroidManifest.xml:26:17-77
35-->src\main\AndroidManifest.xml:26:27-74
36            </intent-filter>
37        </activity>
38        <!-- Include the AdActivity configChanges and theme. -->
39        <activity
39-->src\main\AndroidManifest.xml:30:9-33:64
40            android:name="com.google.android.gms.ads.AdActivity"
40-->src\main\AndroidManifest.xml:31:13-65
41            android:configChanges="keyboard|keyboardHidden|orientation|screenLayout|uiMode|screenSize|smallestScreenSize"
41-->src\main\AndroidManifest.xml:32:13-122
42            android:exported="false"
42-->[com.google.android.gms:play-services-ads-lite:19.1.0] AndroidManifest.xml:32:13-37
43            android:theme="@android:style/Theme.Translucent" />
43-->src\main\AndroidManifest.xml:33:13-61
44        <activity android:name="com.example.jokeandroid.JokeActivity" />
44-->[:JokeAndroid] AndroidManifest.xml:12:9-73
44-->[:JokeAndroid] AndroidManifest.xml:12:19-70
45
46        <provider
46-->[com.google.android.gms:play-services-ads-lite:19.1.0] AndroidManifest.xml:35:9-39:39
47            android:name="com.google.android.gms.ads.MobileAdsInitProvider"
47-->[com.google.android.gms:play-services-ads-lite:19.1.0] AndroidManifest.xml:36:13-76
48            android:authorities="com.udacity.gradle.builditbigger.paid.mobileadsinitprovider"
48-->[com.google.android.gms:play-services-ads-lite:19.1.0] AndroidManifest.xml:37:13-73
49            android:exported="false"
49-->[com.google.android.gms:play-services-ads-lite:19.1.0] AndroidManifest.xml:38:13-37
50            android:initOrder="100" />
50-->[com.google.android.gms:play-services-ads-lite:19.1.0] AndroidManifest.xml:39:13-36
51    </application>
52
53</manifest>